d:\c++ intermediate training\cad training\udemy\vectorclass\x64\debug\vc143.pdb
d:\c++ intermediate training\cad training\udemy\vectorclass\x64\debug\vc143.idb
d:\c++ intermediate training\cad training\udemy\vectorclass\x64\debug\vector.obj
d:\c++ intermediate training\cad training\udemy\vectorclass\x64\debug\intersection.obj
d:\c++ intermediate training\cad training\udemy\vectorclass\x64\debug\geoutils.obj
d:\c++ intermediate training\cad training\udemy\vectorclass\x64\debug\angle.obj
d:\c++ intermediate training\cad training\udemy\vectorclass\x64\debug\test.obj
d:\cctech\cad\vectorclass\x64\debug\vc143.pdb
d:\cctech\cad\vectorclass\x64\debug\vc143.idb
d:\cctech\cad\vectorclass\x64\debug\vector.obj
d:\cctech\cad\vectorclass\x64\debug\intersection.obj
d:\cctech\cad\vectorclass\x64\debug\geoutils.obj
d:\cctech\cad\vectorclass\x64\debug\angle.obj
d:\cctech\cad\vectorclass\x64\debug\test.obj
d:\cctech\cad\vectorclass\x64\debug\vectorclass.pdb
d:\cctech\cad\vectorclass\x64\debug\vectorclass.tlog\cl.command.1.tlog
d:\cctech\cad\vectorclass\x64\debug\vectorclass.tlog\cl.read.1.tlog
d:\cctech\cad\vectorclass\x64\debug\vectorclass.tlog\cl.write.1.tlog
d:\cctech\cad\vectorclass\x64\debug\vectorclass.tlog\link-cvtres.read.1.tlog
d:\cctech\cad\vectorclass\x64\debug\vectorclass.tlog\link-cvtres.write.1.tlog
d:\cctech\cad\vectorclass\x64\debug\vectorclass.tlog\link-rc.read.1.tlog
d:\cctech\cad\vectorclass\x64\debug\vectorclass.tlog\link-rc.write.1.tlog
d:\cctech\cad\vectorclass\x64\debug\vectorclass.tlog\link.command.1.tlog
d:\cctech\cad\vectorclass\x64\debug\vectorclass.tlog\link.read.1.tlog
d:\cctech\cad\vectorclass\x64\debug\vectorclass.tlog\link.read.5.tlog
d:\cctech\cad\vectorclass\x64\debug\vectorclass.tlog\link.write.1.tlog
